100.07.11 18:38 B C:\Francesco\Web\FDHelp\FDH1_files\filelist.xml --> ftp.unctad.ch /mario/fran/web/FDHelp/FDH1_files filelist.xml
100.07.11 18:38 B C:\Francesco\Web\FDHelp\FDH1_files\image001.wmz --> ftp.unctad.ch /mario/fran/web/FDHelp/FDH1_files image001.wmz
100.07.11 18:38 B C:\Francesco\Web\FDHelp\FDH1_files\image002.gif --> ftp.unctad.ch /mario/fran/web/FDHelp/FDH1_files image002.gif
100.07.11 18:38 B C:\Francesco\Web\FDHelp\FDH1_files\image003.jpg --> ftp.unctad.ch /mario/fran/web/FDHelp/FDH1_files image003.jpg
100.07.11 18:38 B C:\Francesco\Web\FDHelp\FDH1_files\image004.jpg --> ftp.unctad.ch /mario/fran/web/FDHelp/FDH1_files image004.jpg
100.07.11 18:38 B C:\Francesco\Web\FDHelp\FDH1_files\oledata.mso --> ftp.unctad.ch /mario/fran/web/FDHelp/FDH1_files oledata.mso
100.07.11 18:42 B c:\Francesco\Web\FDHelp\FDH1_files\filelist.xml --> seismo.ethz.ch /tmp_mnt/nfs/front/home/fra/web/FDHelp/FDH1_files filelist.xml
100.07.11 18:42 B c:\Francesco\Web\FDHelp\FDH1_files\image001.wmz --> seismo.ethz.ch /tmp_mnt/nfs/front/home/fra/web/FDHelp/FDH1_files image001.wmz
100.07.11 18:42 B c:\Francesco\Web\FDHelp\FDH1_files\image002.gif --> seismo.ethz.ch /tmp_mnt/nfs/front/home/fra/web/FDHelp/FDH1_files image002.gif
100.07.11 18:42 B c:\Francesco\Web\FDHelp\FDH1_files\image003.jpg --> seismo.ethz.ch /tmp_mnt/nfs/front/home/fra/web/FDHelp/FDH1_files image003.jpg
100.07.11 18:42 B c:\Francesco\Web\FDHelp\FDH1_files\image004.jpg --> seismo.ethz.ch /tmp_mnt/nfs/front/home/fra/web/FDHelp/FDH1_files image004.jpg
100.07.11 18:42 B c:\Francesco\Web\FDHelp\FDH1_files\oledata.mso --> seismo.ethz.ch /tmp_mnt/nfs/front/home/fra/web/FDHelp/FDH1_files oledata.mso
100.07.11 18:42 B c:\Francesco\Web\FDHelp\FDH1_files\WS_FTP.LOG --> seismo.ethz.ch /tmp_mnt/nfs/front/home/fra/web/FDHelp/FDH1_files WS_FTP.LOG
100.07.11 18:46 B c:\Francesco\Web\FDHelp\FDH1_files\filelist.xml --> seismo.ethz.ch /tmp_mnt/nfs/alaska/home/pacchia/fractal/Web/FDHelp/FDH1_files filelist.xml
100.07.11 18:46 B c:\Francesco\Web\FDHelp\FDH1_files\image001.wmz --> seismo.ethz.ch /tmp_mnt/nfs/alaska/home/pacchia/fractal/Web/FDHelp/FDH1_files image001.wmz
100.07.11 18:46 B c:\Francesco\Web\FDHelp\FDH1_files\image002.gif --> seismo.ethz.ch /tmp_mnt/nfs/alaska/home/pacchia/fractal/Web/FDHelp/FDH1_files image002.gif
100.07.11 18:46 B c:\Francesco\Web\FDHelp\FDH1_files\image003.jpg --> seismo.ethz.ch /tmp_mnt/nfs/alaska/home/pacchia/fractal/Web/FDHelp/FDH1_files image003.jpg
100.07.11 18:46 B c:\Francesco\Web\FDHelp\FDH1_files\image004.jpg --> seismo.ethz.ch /tmp_mnt/nfs/alaska/home/pacchia/fractal/Web/FDHelp/FDH1_files image004.jpg
100.07.11 18:46 B c:\Francesco\Web\FDHelp\FDH1_files\oledata.mso --> seismo.ethz.ch /tmp_mnt/nfs/alaska/home/pacchia/fractal/Web/FDHelp/FDH1_files oledata.mso
100.07.11 18:46 B c:\Francesco\Web\FDHelp\FDH1_files\WS_FTP.LOG --> seismo.ethz.ch /tmp_mnt/nfs/alaska/home/pacchia/fractal/Web/FDHelp/FDH1_files WS_FTP.LOG
100.07.17 14:25 B c:\zmap\help\FDH1_files\WS_FTP.LOG <-- spunk C:/Francesco/Web/FDHelp/FDH1_files/ WS_FTP.LOG
2001.01.22 15:18 B C:\ZMAP\help\FDH1_files\WS_FTP.LOG <-- alaska e:/ZMAP/help/FDH1_files/ WS_FTP.LOG
