2001.01.22 15:18 B C:\ZMAP\m_map\Contents.m <-- alaska e:/ZMAP/m_map/ Contents.m
2001.01.22 15:18 B C:\ZMAP\m_map\m_coast.m <-- alaska e:/ZMAP/m_map/ m_coast.m
2001.01.22 15:18 B C:\ZMAP\m_map\m_coast.m.old <-- alaska e:/ZMAP/m_map/ m_coast.m.old
2001.01.22 15:18 B C:\ZMAP\m_map\m_contour.m <-- alaska e:/ZMAP/m_map/ m_contour.m
2001.01.22 15:18 B C:\ZMAP\m_map\m_contourf.m <-- alaska e:/ZMAP/m_map/ m_contourf.m
2001.01.22 15:18 B C:\ZMAP\m_map\m_demo.m <-- alaska e:/ZMAP/m_map/ m_demo.m
2001.01.22 15:18 B C:\ZMAP\m_map\m_elev.m <-- alaska e:/ZMAP/m_map/ m_elev.m
2001.01.22 15:18 B C:\ZMAP\m_map\m_grid.m <-- alaska e:/ZMAP/m_map/ m_grid.m
2001.01.22 15:18 B C:\ZMAP\m_map\m_gshhs_c.m <-- alaska e:/ZMAP/m_map/ m_gshhs_c.m
2001.01.22 15:18 B C:\ZMAP\m_map\m_gshhs_f.m <-- alaska e:/ZMAP/m_map/ m_gshhs_f.m
2001.01.22 15:18 B C:\ZMAP\m_map\m_gshhs_h.m <-- alaska e:/ZMAP/m_map/ m_gshhs_h.m
2001.01.22 15:18 B C:\ZMAP\m_map\m_gshhs_i.m <-- alaska e:/ZMAP/m_map/ m_gshhs_i.m
2001.01.22 15:18 B C:\ZMAP\m_map\m_gshhs_l.m <-- alaska e:/ZMAP/m_map/ m_gshhs_l.m
2001.01.22 15:18 B C:\ZMAP\m_map\m_line.m <-- alaska e:/ZMAP/m_map/ m_line.m
2001.01.22 15:18 B C:\ZMAP\m_map\m_ll2xy.m <-- alaska e:/ZMAP/m_map/ m_ll2xy.m
2001.01.22 15:18 B C:\ZMAP\m_map\m_patch.m <-- alaska e:/ZMAP/m_map/ m_patch.m
2001.01.22 15:18 B C:\ZMAP\m_map\m_plotbndry.m <-- alaska e:/ZMAP/m_map/ m_plotbndry.m
2001.01.22 15:18 B C:\ZMAP\m_map\m_proj.m <-- alaska e:/ZMAP/m_map/ m_proj.m
2001.01.22 15:18 B C:\ZMAP\m_map\m_quiver.m <-- alaska e:/ZMAP/m_map/ m_quiver.m
2001.01.22 15:18 B C:\ZMAP\m_map\m_range_ring.m <-- alaska e:/ZMAP/m_map/ m_range_ring.m
2001.01.22 15:18 B C:\ZMAP\m_map\m_scale.m <-- alaska e:/ZMAP/m_map/ m_scale.m
2001.01.22 15:18 B C:\ZMAP\m_map\m_tba2b.m <-- alaska e:/ZMAP/m_map/ m_tba2b.m
2001.01.22 15:18 B C:\ZMAP\m_map\m_tbase.m <-- alaska e:/ZMAP/m_map/ m_tbase.m
2001.01.22 15:18 B C:\ZMAP\m_map\m_text.m <-- alaska e:/ZMAP/m_map/ m_text.m
2001.01.22 15:18 B C:\ZMAP\m_map\m_track.m <-- alaska e:/ZMAP/m_map/ m_track.m
2001.01.22 15:18 B C:\ZMAP\m_map\m_ungrid.m <-- alaska e:/ZMAP/m_map/ m_ungrid.m
2001.01.22 15:18 B C:\ZMAP\m_map\m_usercoast.m <-- alaska e:/ZMAP/m_map/ m_usercoast.m
2001.01.22 15:18 B C:\ZMAP\m_map\m_vec.m <-- alaska e:/ZMAP/m_map/ m_vec.m
2001.01.22 15:18 B C:\ZMAP\m_map\m_xy2ll.m <-- alaska e:/ZMAP/m_map/ m_xy2ll.m
2001.01.22 15:18 B C:\ZMAP\m_map\map.html <-- alaska e:/ZMAP/m_map/ map.html
2001.01.22 15:18 B C:\ZMAP\m_map\overmap.m <-- alaska e:/ZMAP/m_map/ overmap.m
2001.01.22 15:18 B C:\ZMAP\m_map\plotmap.m <-- alaska e:/ZMAP/m_map/ plotmap.m
2001.01.22 15:18 B C:\ZMAP\m_map\plotmap.m% <-- alaska e:/ZMAP/m_map/ plotmap.m%
2001.01.22 15:18 B C:\ZMAP\m_map\plotmycont.m <-- alaska e:/ZMAP/m_map/ plotmycont.m
2001.01.22 15:18 B C:\ZMAP\m_map\plotmycont.m% <-- alaska e:/ZMAP/m_map/ plotmycont.m%
2001.01.22 15:18 B C:\ZMAP\m_map\plotmydem.m <-- alaska e:/ZMAP/m_map/ plotmydem.m
2001.01.22 15:18 B C:\ZMAP\m_map\plotmydem.m% <-- alaska e:/ZMAP/m_map/ plotmydem.m%
2001.01.22 15:18 B C:\ZMAP\m_map\plotmymap.m <-- alaska e:/ZMAP/m_map/ plotmymap.m
2001.01.22 15:18 B C:\ZMAP\m_map\plotmymap.m% <-- alaska e:/ZMAP/m_map/ plotmymap.m%
2001.01.22 15:18 B C:\ZMAP\m_map\topo.mat <-- alaska e:/ZMAP/m_map/ topo.mat
2001.07.08 14:50 B C:\ZMAP\m_map\Contents.m --> lahar.ethz.ch e:/stefan/zmap_drum/m_map/ Contents.m
2001.07.08 14:50 B C:\ZMAP\m_map\m_coast.m --> lahar.ethz.ch e:/stefan/zmap_drum/m_map/ m_coast.m
2001.07.08 14:50 B C:\ZMAP\m_map\m_coast.m.old --> lahar.ethz.ch e:/stefan/zmap_drum/m_map/ m_coast.m.old
2001.07.08 14:50 B C:\ZMAP\m_map\m_contour.m --> lahar.ethz.ch e:/stefan/zmap_drum/m_map/ m_contour.m
2001.07.08 14:50 B C:\ZMAP\m_map\m_contourf.m --> lahar.ethz.ch e:/stefan/zmap_drum/m_map/ m_contourf.m
2001.07.08 14:50 B C:\ZMAP\m_map\m_demo.m --> lahar.ethz.ch e:/stefan/zmap_drum/m_map/ m_demo.m
2001.07.08 14:50 B C:\ZMAP\m_map\m_distxy.m --> lahar.ethz.ch e:/stefan/zmap_drum/m_map/ m_distxy.m
2001.07.08 14:50 B C:\ZMAP\m_map\m_elev.m --> lahar.ethz.ch e:/stefan/zmap_drum/m_map/ m_elev.m
2001.07.08 14:50 B C:\ZMAP\m_map\m_grid.m --> lahar.ethz.ch e:/stefan/zmap_drum/m_map/ m_grid.m
2001.07.08 14:50 B C:\ZMAP\m_map\m_gshhs_c.m --> lahar.ethz.ch e:/stefan/zmap_drum/m_map/ m_gshhs_c.m
2001.07.08 14:50 B C:\ZMAP\m_map\m_gshhs_f.m --> lahar.ethz.ch e:/stefan/zmap_drum/m_map/ m_gshhs_f.m
2001.07.08 14:50 B C:\ZMAP\m_map\m_gshhs_h.m --> lahar.ethz.ch e:/stefan/zmap_drum/m_map/ m_gshhs_h.m
2001.07.08 14:50 B C:\ZMAP\m_map\m_gshhs_i.m --> lahar.ethz.ch e:/stefan/zmap_drum/m_map/ m_gshhs_i.m
2001.07.08 14:50 B C:\ZMAP\m_map\m_gshhs_l.m --> lahar.ethz.ch e:/stefan/zmap_drum/m_map/ m_gshhs_l.m
2001.07.08 14:50 B C:\ZMAP\m_map\m_legend.m --> lahar.ethz.ch e:/stefan/zmap_drum/m_map/ m_legend.m
2001.07.08 14:50 B C:\ZMAP\m_map\m_line.m --> lahar.ethz.ch e:/stefan/zmap_drum/m_map/ m_line.m
2001.07.08 14:50 B C:\ZMAP\m_map\m_ll2xy.m --> lahar.ethz.ch e:/stefan/zmap_drum/m_map/ m_ll2xy.m
2001.07.08 14:50 B C:\ZMAP\m_map\m_lldist.m --> lahar.ethz.ch e:/stefan/zmap_drum/m_map/ m_lldist.m
2001.07.08 14:50 B C:\ZMAP\m_map\m_patch.m --> lahar.ethz.ch e:/stefan/zmap_drum/m_map/ m_patch.m
2001.07.08 14:50 B C:\ZMAP\m_map\m_plot.m --> lahar.ethz.ch e:/stefan/zmap_drum/m_map/ m_plot.m
2001.07.08 14:50 B C:\ZMAP\m_map\m_plotbndry.m --> lahar.ethz.ch e:/stefan/zmap_drum/m_map/ m_plotbndry.m
2001.07.08 14:50 B C:\ZMAP\m_map\m_proj.m --> lahar.ethz.ch e:/stefan/zmap_drum/m_map/ m_proj.m
2001.07.08 14:50 B C:\ZMAP\m_map\m_quiver.m --> lahar.ethz.ch e:/stefan/zmap_drum/m_map/ m_quiver.m
2001.07.08 14:50 B C:\ZMAP\m_map\m_range_ring.m --> lahar.ethz.ch e:/stefan/zmap_drum/m_map/ m_range_ring.m
2001.07.08 14:50 B C:\ZMAP\m_map\m_scale.m --> lahar.ethz.ch e:/stefan/zmap_drum/m_map/ m_scale.m
2001.07.08 14:50 B C:\ZMAP\m_map\m_tba2b.m --> lahar.ethz.ch e:/stefan/zmap_drum/m_map/ m_tba2b.m
2001.07.08 14:50 B C:\ZMAP\m_map\m_tbase.m --> lahar.ethz.ch e:/stefan/zmap_drum/m_map/ m_tbase.m
2001.07.08 14:50 B C:\ZMAP\m_map\m_text.m --> lahar.ethz.ch e:/stefan/zmap_drum/m_map/ m_text.m
2001.07.08 14:50 B C:\ZMAP\m_map\m_track.m --> lahar.ethz.ch e:/stefan/zmap_drum/m_map/ m_track.m
2001.07.08 14:50 B C:\ZMAP\m_map\m_ungrid.m --> lahar.ethz.ch e:/stefan/zmap_drum/m_map/ m_ungrid.m
2001.07.08 14:50 B C:\ZMAP\m_map\m_usercoast.m --> lahar.ethz.ch e:/stefan/zmap_drum/m_map/ m_usercoast.m
2001.07.08 14:50 B C:\ZMAP\m_map\m_vec.m --> lahar.ethz.ch e:/stefan/zmap_drum/m_map/ m_vec.m
2001.07.08 14:50 B C:\ZMAP\m_map\m_xy2ll.m --> lahar.ethz.ch e:/stefan/zmap_drum/m_map/ m_xy2ll.m
2001.07.08 14:50 B C:\ZMAP\m_map\m_xydist.m --> lahar.ethz.ch e:/stefan/zmap_drum/m_map/ m_xydist.m
2001.07.08 14:50 B C:\ZMAP\m_map\map.html --> lahar.ethz.ch e:/stefan/zmap_drum/m_map/ map.html
2001.07.08 14:50 B C:\ZMAP\m_map\overmap.m --> lahar.ethz.ch e:/stefan/zmap_drum/m_map/ overmap.m
2001.07.08 14:50 B C:\ZMAP\m_map\plates.mat --> lahar.ethz.ch e:/stefan/zmap_drum/m_map/ plates.mat
2001.07.08 14:50 B C:\ZMAP\m_map\plotmap.m --> lahar.ethz.ch e:/stefan/zmap_drum/m_map/ plotmap.m
2001.07.08 14:50 B C:\ZMAP\m_map\plotmap.m% --> lahar.ethz.ch e:/stefan/zmap_drum/m_map/ plotmap.m%
2001.07.08 14:50 B C:\ZMAP\m_map\plotmycont.m --> lahar.ethz.ch e:/stefan/zmap_drum/m_map/ plotmycont.m
2001.07.08 14:50 B C:\ZMAP\m_map\plotmycont.m% --> lahar.ethz.ch e:/stefan/zmap_drum/m_map/ plotmycont.m%
2001.07.08 14:50 B C:\ZMAP\m_map\plotmydem.m --> lahar.ethz.ch e:/stefan/zmap_drum/m_map/ plotmydem.m
2001.07.08 14:50 B C:\ZMAP\m_map\plotmydem.m% --> lahar.ethz.ch e:/stefan/zmap_drum/m_map/ plotmydem.m%
2001.07.08 14:50 B C:\ZMAP\m_map\plotmymap.m --> lahar.ethz.ch e:/stefan/zmap_drum/m_map/ plotmymap.m
2001.07.08 14:50 B C:\ZMAP\m_map\plotmymap.m% --> lahar.ethz.ch e:/stefan/zmap_drum/m_map/ plotmymap.m%
2001.07.08 14:50 B C:\ZMAP\m_map\topo.mat --> lahar.ethz.ch e:/stefan/zmap_drum/m_map/ topo.mat
2001.07.08 14:50 B C:\ZMAP\m_map\WS_FTP.LOG --> lahar.ethz.ch e:/stefan/zmap_drum/m_map/ WS_FTP.LOG
