100.07.11 18:38 B C:\Francesco\Web\FDHelp\FDH3_files\filelist.xml --> ftp.unctad.ch /mario/fran/web/FDHelp/FDH3_files filelist.xml
100.07.11 18:38 B C:\Francesco\Web\FDHelp\FDH3_files\image001.jpg --> ftp.unctad.ch /mario/fran/web/FDHelp/FDH3_files image001.jpg
100.07.11 18:38 B C:\Francesco\Web\FDHelp\FDH3_files\image002.jpg --> ftp.unctad.ch /mario/fran/web/FDHelp/FDH3_files image002.jpg
100.07.11 18:38 B C:\Francesco\Web\FDHelp\FDH3_files\image003.png --> ftp.unctad.ch /mario/fran/web/FDHelp/FDH3_files image003.png
100.07.11 18:38 B C:\Francesco\Web\FDHelp\FDH3_files\image004.jpg --> ftp.unctad.ch /mario/fran/web/FDHelp/FDH3_files image004.jpg
100.07.11 18:38 B C:\Francesco\Web\FDHelp\FDH3_files\image005.png --> ftp.unctad.ch /mario/fran/web/FDHelp/FDH3_files image005.png
100.07.11 18:38 B C:\Francesco\Web\FDHelp\FDH3_files\image006.jpg --> ftp.unctad.ch /mario/fran/web/FDHelp/FDH3_files image006.jpg
100.07.11 18:38 B C:\Francesco\Web\FDHelp\FDH3_files\image007.png --> ftp.unctad.ch /mario/fran/web/FDHelp/FDH3_files image007.png
100.07.11 18:38 B C:\Francesco\Web\FDHelp\FDH3_files\image008.jpg --> ftp.unctad.ch /mario/fran/web/FDHelp/FDH3_files image008.jpg
100.07.11 18:38 B C:\Francesco\Web\FDHelp\FDH3_files\image009.png --> ftp.unctad.ch /mario/fran/web/FDHelp/FDH3_files image009.png
100.07.11 18:38 B C:\Francesco\Web\FDHelp\FDH3_files\image010.jpg --> ftp.unctad.ch /mario/fran/web/FDHelp/FDH3_files image010.jpg
100.07.11 18:42 B c:\Francesco\Web\FDHelp\FDH3_files\filelist.xml --> seismo.ethz.ch /tmp_mnt/nfs/front/home/fra/web/FDHelp/FDH3_files filelist.xml
100.07.11 18:42 B c:\Francesco\Web\FDHelp\FDH3_files\image001.jpg --> seismo.ethz.ch /tmp_mnt/nfs/front/home/fra/web/FDHelp/FDH3_files image001.jpg
100.07.11 18:42 B c:\Francesco\Web\FDHelp\FDH3_files\image002.jpg --> seismo.ethz.ch /tmp_mnt/nfs/front/home/fra/web/FDHelp/FDH3_files image002.jpg
100.07.11 18:42 B c:\Francesco\Web\FDHelp\FDH3_files\image003.png --> seismo.ethz.ch /tmp_mnt/nfs/front/home/fra/web/FDHelp/FDH3_files image003.png
100.07.11 18:42 B c:\Francesco\Web\FDHelp\FDH3_files\image004.jpg --> seismo.ethz.ch /tmp_mnt/nfs/front/home/fra/web/FDHelp/FDH3_files image004.jpg
100.07.11 18:42 B c:\Francesco\Web\FDHelp\FDH3_files\image005.png --> seismo.ethz.ch /tmp_mnt/nfs/front/home/fra/web/FDHelp/FDH3_files image005.png
100.07.11 18:42 B c:\Francesco\Web\FDHelp\FDH3_files\image006.jpg --> seismo.ethz.ch /tmp_mnt/nfs/front/home/fra/web/FDHelp/FDH3_files image006.jpg
100.07.11 18:42 B c:\Francesco\Web\FDHelp\FDH3_files\image007.png --> seismo.ethz.ch /tmp_mnt/nfs/front/home/fra/web/FDHelp/FDH3_files image007.png
100.07.11 18:42 B c:\Francesco\Web\FDHelp\FDH3_files\image008.jpg --> seismo.ethz.ch /tmp_mnt/nfs/front/home/fra/web/FDHelp/FDH3_files image008.jpg
100.07.11 18:42 B c:\Francesco\Web\FDHelp\FDH3_files\image009.png --> seismo.ethz.ch /tmp_mnt/nfs/front/home/fra/web/FDHelp/FDH3_files image009.png
100.07.11 18:42 B c:\Francesco\Web\FDHelp\FDH3_files\image010.jpg --> seismo.ethz.ch /tmp_mnt/nfs/front/home/fra/web/FDHelp/FDH3_files image010.jpg
100.07.11 18:42 B c:\Francesco\Web\FDHelp\FDH3_files\WS_FTP.LOG --> seismo.ethz.ch /tmp_mnt/nfs/front/home/fra/web/FDHelp/FDH3_files WS_FTP.LOG
100.07.11 18:46 B c:\Francesco\Web\FDHelp\FDH3_files\filelist.xml --> seismo.ethz.ch /tmp_mnt/nfs/alaska/home/pacchia/fractal/Web/FDHelp/FDH3_files filelist.xml
100.07.11 18:47 B c:\Francesco\Web\FDHelp\FDH3_files\image001.jpg --> seismo.ethz.ch /tmp_mnt/nfs/alaska/home/pacchia/fractal/Web/FDHelp/FDH3_files image001.jpg
100.07.11 18:47 B c:\Francesco\Web\FDHelp\FDH3_files\image002.jpg --> seismo.ethz.ch /tmp_mnt/nfs/alaska/home/pacchia/fractal/Web/FDHelp/FDH3_files image002.jpg
100.07.11 18:47 B c:\Francesco\Web\FDHelp\FDH3_files\image003.png --> seismo.ethz.ch /tmp_mnt/nfs/alaska/home/pacchia/fractal/Web/FDHelp/FDH3_files image003.png
100.07.11 18:47 B c:\Francesco\Web\FDHelp\FDH3_files\image004.jpg --> seismo.ethz.ch /tmp_mnt/nfs/alaska/home/pacchia/fractal/Web/FDHelp/FDH3_files image004.jpg
100.07.11 18:47 B c:\Francesco\Web\FDHelp\FDH3_files\image005.png --> seismo.ethz.ch /tmp_mnt/nfs/alaska/home/pacchia/fractal/Web/FDHelp/FDH3_files image005.png
100.07.11 18:47 B c:\Francesco\Web\FDHelp\FDH3_files\image006.jpg --> seismo.ethz.ch /tmp_mnt/nfs/alaska/home/pacchia/fractal/Web/FDHelp/FDH3_files image006.jpg
100.07.11 18:47 B c:\Francesco\Web\FDHelp\FDH3_files\image007.png --> seismo.ethz.ch /tmp_mnt/nfs/alaska/home/pacchia/fractal/Web/FDHelp/FDH3_files image007.png
100.07.11 18:47 B c:\Francesco\Web\FDHelp\FDH3_files\image008.jpg --> seismo.ethz.ch /tmp_mnt/nfs/alaska/home/pacchia/fractal/Web/FDHelp/FDH3_files image008.jpg
100.07.11 18:47 B c:\Francesco\Web\FDHelp\FDH3_files\image009.png --> seismo.ethz.ch /tmp_mnt/nfs/alaska/home/pacchia/fractal/Web/FDHelp/FDH3_files image009.png
100.07.11 18:47 B c:\Francesco\Web\FDHelp\FDH3_files\image010.jpg --> seismo.ethz.ch /tmp_mnt/nfs/alaska/home/pacchia/fractal/Web/FDHelp/FDH3_files image010.jpg
100.07.11 18:47 B c:\Francesco\Web\FDHelp\FDH3_files\WS_FTP.LOG --> seismo.ethz.ch /tmp_mnt/nfs/alaska/home/pacchia/fractal/Web/FDHelp/FDH3_files WS_FTP.LOG
100.07.17 14:25 B c:\zmap\help\FDH3_files\WS_FTP.LOG <-- spunk C:/Francesco/Web/FDHelp/FDH3_files/ WS_FTP.LOG
2001.01.22 15:18 B C:\ZMAP\help\FDH3_files\WS_FTP.LOG <-- alaska e:/ZMAP/help/FDH3_files/ WS_FTP.LOG
