2001.01.22 15:18 B C:\ZMAP\m_map\private\clabel.m <-- alaska e:/ZMAP/m_map/private/ clabel.m
2001.01.22 15:18 B C:\ZMAP\m_map\private\exgshhs.gif <-- alaska e:/ZMAP/m_map/private/ exgshhs.gif
2001.01.22 15:18 B C:\ZMAP\m_map\private\exlamber.gif <-- alaska e:/ZMAP/m_map/private/ exlamber.gif
2001.01.22 15:18 B C:\ZMAP\m_map\private\exmiller.gif <-- alaska e:/ZMAP/m_map/private/ exmiller.gif
2001.01.22 15:18 B C:\ZMAP\m_map\private\exobl2.gif <-- alaska e:/ZMAP/m_map/private/ exobl2.gif
2001.01.22 15:18 B C:\ZMAP\m_map\private\exquiv.gif <-- alaska e:/ZMAP/m_map/private/ exquiv.gif
2001.01.22 15:18 B C:\ZMAP\m_map\private\exsinus.gif <-- alaska e:/ZMAP/m_map/private/ exsinus.gif
2001.01.22 15:18 B C:\ZMAP\m_map\private\exster.gif <-- alaska e:/ZMAP/m_map/private/ exster.gif
2001.01.22 15:18 B C:\ZMAP\m_map\private\extbase.gif <-- alaska e:/ZMAP/m_map/private/ extbase.gif
2001.01.22 15:18 B C:\ZMAP\m_map\private\exvec.gif <-- alaska e:/ZMAP/m_map/private/ exvec.gif
2001.01.22 15:18 B C:\ZMAP\m_map\private\m_coasts.mat <-- alaska e:/ZMAP/m_map/private/ m_coasts.mat
2001.01.22 15:18 B C:\ZMAP\m_map\private\mapug.html <-- alaska e:/ZMAP/m_map/private/ mapug.html
2001.01.22 15:18 B C:\ZMAP\m_map\private\mlogo.gif <-- alaska e:/ZMAP/m_map/private/ mlogo.gif
2001.01.22 15:18 B C:\ZMAP\m_map\private\mp_azim.m <-- alaska e:/ZMAP/m_map/private/ mp_azim.m
2001.01.22 15:18 B C:\ZMAP\m_map\private\mp_conic.m <-- alaska e:/ZMAP/m_map/private/ mp_conic.m
2001.01.22 15:18 B C:\ZMAP\m_map\private\mp_cyl.m <-- alaska e:/ZMAP/m_map/private/ mp_cyl.m
2001.01.22 15:18 B C:\ZMAP\m_map\private\mp_omerc.m <-- alaska e:/ZMAP/m_map/private/ mp_omerc.m
2001.01.22 15:18 B C:\ZMAP\m_map\private\mp_tmerc.m <-- alaska e:/ZMAP/m_map/private/ mp_tmerc.m
2001.01.22 15:18 B C:\ZMAP\m_map\private\mp_tmerc.m.old <-- alaska e:/ZMAP/m_map/private/ mp_tmerc.m.old
2001.01.22 15:18 B C:\ZMAP\m_map\private\mp_utm.m <-- alaska e:/ZMAP/m_map/private/ mp_utm.m
2001.01.22 15:18 B C:\ZMAP\m_map\private\mu_coast.m <-- alaska e:/ZMAP/m_map/private/ mu_coast.m
2001.01.22 15:18 B C:\ZMAP\m_map\private\mu_util.m <-- alaska e:/ZMAP/m_map/private/ mu_util.m
2001.01.22 15:18 B C:\ZMAP\m_map\private\new.gif <-- alaska e:/ZMAP/m_map/private/ new.gif
2001.01.22 15:18 B C:\ZMAP\m_map\private\rring.gif <-- alaska e:/ZMAP/m_map/private/ rring.gif
2001.01.22 15:18 B C:\ZMAP\m_map\private\track1.gif <-- alaska e:/ZMAP/m_map/private/ track1.gif
2001.01.22 15:18 B C:\ZMAP\m_map\private\usermap.gif <-- alaska e:/ZMAP/m_map/private/ usermap.gif
2001.05.11 09:56 B C:\ZMAP\m_map\private\m_coasts.mat <-- alaska_q /tmp_mnt/nfs/alaska/home2/stefan/ZMAP/ZMAP6/m_map/private m_coasts.mat
2001.05.16 13:50 B C:\ZMAP\m_map\private\gshhs_h.b.gz <--  /MGG/shorelines gshhs_h.b.gz
2001.05.16 15:05 B C:\ZMAP\m_map\private\gshhs_c.b.gz <--  /MGG/shorelines gshhs_c.b.gz
2001.05.16 15:05 B C:\ZMAP\m_map\private\gshhs_l.b.gz <--  /MGG/shorelines gshhs_l.b.gz
2001.05.16 16:25 B C:\ZMAP\m_map\private\plates <-- alaska_q /tmp_mnt/nfs/alaska/home/stefan plates
2001.05.16 16:29 B C:\ZMAP\m_map\private\plates <-- alaska_q /tmp_mnt/nfs/alaska/home/stefan plates
2001.07.08 14:50 B C:\ZMAP\m_map\private\clabel.m --> lahar.ethz.ch e:/stefan/zmap_drum/m_map/private/ clabel.m
2001.07.08 14:50 B C:\ZMAP\m_map\private\coast.mat --> lahar.ethz.ch e:/stefan/zmap_drum/m_map/private/ coast.mat
2001.07.08 14:50 B C:\ZMAP\m_map\private\coastl.mat --> lahar.ethz.ch e:/stefan/zmap_drum/m_map/private/ coastl.mat
2001.07.08 14:50 B C:\ZMAP\m_map\private\coastline.mat --> lahar.ethz.ch e:/stefan/zmap_drum/m_map/private/ coastline.mat
2001.07.08 14:50 B C:\ZMAP\m_map\private\exgshhs.gif --> lahar.ethz.ch e:/stefan/zmap_drum/m_map/private/ exgshhs.gif
2001.07.08 14:50 B C:\ZMAP\m_map\private\exlamber.gif --> lahar.ethz.ch e:/stefan/zmap_drum/m_map/private/ exlamber.gif
2001.07.08 14:50 B C:\ZMAP\m_map\private\exmiller.gif --> lahar.ethz.ch e:/stefan/zmap_drum/m_map/private/ exmiller.gif
2001.07.08 14:50 B C:\ZMAP\m_map\private\exobl2.gif --> lahar.ethz.ch e:/stefan/zmap_drum/m_map/private/ exobl2.gif
2001.07.08 14:50 B C:\ZMAP\m_map\private\exquiv.gif --> lahar.ethz.ch e:/stefan/zmap_drum/m_map/private/ exquiv.gif
2001.07.08 14:50 B C:\ZMAP\m_map\private\exsinus.gif --> lahar.ethz.ch e:/stefan/zmap_drum/m_map/private/ exsinus.gif
2001.07.08 14:50 B C:\ZMAP\m_map\private\exster.gif --> lahar.ethz.ch e:/stefan/zmap_drum/m_map/private/ exster.gif
2001.07.08 14:50 B C:\ZMAP\m_map\private\extbase.gif --> lahar.ethz.ch e:/stefan/zmap_drum/m_map/private/ extbase.gif
2001.07.08 14:50 B C:\ZMAP\m_map\private\exvec.gif --> lahar.ethz.ch e:/stefan/zmap_drum/m_map/private/ exvec.gif
2001.07.08 14:50 B C:\ZMAP\m_map\private\gshhs_c.b --> lahar.ethz.ch e:/stefan/zmap_drum/m_map/private/ gshhs_c.b
2001.07.08 14:50 B C:\ZMAP\m_map\private\gshhs_h.b --> lahar.ethz.ch e:/stefan/zmap_drum/m_map/private/ gshhs_h.b
2001.07.08 14:50 B C:\ZMAP\m_map\private\gshhs_i.b --> lahar.ethz.ch e:/stefan/zmap_drum/m_map/private/ gshhs_i.b
2001.07.08 14:50 B C:\ZMAP\m_map\private\gshhs_l.b --> lahar.ethz.ch e:/stefan/zmap_drum/m_map/private/ gshhs_l.b
2001.07.08 14:50 B C:\ZMAP\m_map\private\m_coasts.mat --> lahar.ethz.ch e:/stefan/zmap_drum/m_map/private/ m_coasts.mat
2001.07.08 14:50 B C:\ZMAP\m_map\private\mapug.html --> lahar.ethz.ch e:/stefan/zmap_drum/m_map/private/ mapug.html
2001.07.08 14:50 B C:\ZMAP\m_map\private\mlogo.gif --> lahar.ethz.ch e:/stefan/zmap_drum/m_map/private/ mlogo.gif
2001.07.08 14:50 B C:\ZMAP\m_map\private\mp_azim.m --> lahar.ethz.ch e:/stefan/zmap_drum/m_map/private/ mp_azim.m
2001.07.08 14:50 B C:\ZMAP\m_map\private\mp_conic.m --> lahar.ethz.ch e:/stefan/zmap_drum/m_map/private/ mp_conic.m
2001.07.08 14:50 B C:\ZMAP\m_map\private\mp_cyl.m --> lahar.ethz.ch e:/stefan/zmap_drum/m_map/private/ mp_cyl.m
2001.07.08 14:50 B C:\ZMAP\m_map\private\mp_omerc.m --> lahar.ethz.ch e:/stefan/zmap_drum/m_map/private/ mp_omerc.m
2001.07.08 14:50 B C:\ZMAP\m_map\private\mp_tmerc.m --> lahar.ethz.ch e:/stefan/zmap_drum/m_map/private/ mp_tmerc.m
2001.07.08 14:50 B C:\ZMAP\m_map\private\mp_tmerc.m.old --> lahar.ethz.ch e:/stefan/zmap_drum/m_map/private/ mp_tmerc.m.old
2001.07.08 14:50 B C:\ZMAP\m_map\private\mp_utm.m --> lahar.ethz.ch e:/stefan/zmap_drum/m_map/private/ mp_utm.m
2001.07.08 14:50 B C:\ZMAP\m_map\private\mu_coast.m --> lahar.ethz.ch e:/stefan/zmap_drum/m_map/private/ mu_coast.m
2001.07.08 14:50 B C:\ZMAP\m_map\private\mu_util.m --> lahar.ethz.ch e:/stefan/zmap_drum/m_map/private/ mu_util.m
2001.07.08 14:50 B C:\ZMAP\m_map\private\new.gif --> lahar.ethz.ch e:/stefan/zmap_drum/m_map/private/ new.gif
2001.07.08 14:50 B C:\ZMAP\m_map\private\rring.gif --> lahar.ethz.ch e:/stefan/zmap_drum/m_map/private/ rring.gif
2001.07.08 14:50 B C:\ZMAP\m_map\private\track1.gif --> lahar.ethz.ch e:/stefan/zmap_drum/m_map/private/ track1.gif
2001.07.08 14:50 B C:\ZMAP\m_map\private\usermap.gif --> lahar.ethz.ch e:/stefan/zmap_drum/m_map/private/ usermap.gif
2001.07.08 14:50 B C:\ZMAP\m_map\private\WS_FTP.LOG --> lahar.ethz.ch e:/stefan/zmap_drum/m_map/private/ WS_FTP.LOG
2001.07.08 14:50 B C:\ZMAP\m_map\private\x.log --> lahar.ethz.ch e:/stefan/zmap_drum/m_map/private/ x.log
2001.07.08 14:50 B C:\ZMAP\m_map\private\xferlog.txt --> lahar.ethz.ch e:/stefan/zmap_drum/m_map/private/ xferlog.txt
